<?xml version="1.0" encoding="UTF-8"?>
<!-- Generated by org.testng.reporters.JUnitReportReporter -->
<testsuite skipped="0" hostname="DESKTOP-93BHBJ4" name="apitesting.loginAPI" tests="1" failures="0" timestamp="2021-11-26T19:21:56 PST" time="4.846" errors="0">
  <testcase name="TC1" time="4.846" classname="apitesting.loginAPI"/>
  <system-out/>
</testsuite> <!-- apitesting.loginAPI -->
