<?xml version="1.0" encoding="UTF-8"?>
<!-- Generated by org.testng.reporters.JUnitReportReporter -->
<testsuite skipped="0" hostname="DESKTOP-93BHBJ4" name="apitesting.testcases.AddDataAPI" tests="1" failures="0" timestamp="2021-11-26T23:12:30 PST" time="0.004" errors="0">
  <testcase name="TC6" time="0.004" classname="apitesting.testcases.AddDataAPI"/>
  <system-out/>
</testsuite> <!-- apitesting.testcases.AddDataAPI -->
