<?xml version="1.0" encoding="UTF-8"?>
<!-- Generated by org.testng.reporters.JUnitReportReporter -->
<testsuite skipped="0" hostname="DESKTOP-93BHBJ4" name="apitesting.testcases.LoginAPI" tests="1" failures="0" timestamp="2021-11-26T23:12:30 PST" time="6.937" errors="0">
  <testcase name="TC1" time="6.937" classname="apitesting.testcases.LoginAPI"/>
  <system-out/>
</testsuite> <!-- apitesting.testcases.LoginAPI -->
